<?xml version="1.0" encoding="UTF-8"?>
<!-- Generated by org.testng.reporters.JUnitXMLReporter -->
<testsuite ignored="0" hostname="GLB-185-PC" failures="0" tests="29" name="Test" time="532.299" errors="0" timestamp="2022-08-09T17:25:31 IST">
  <testcase classname="hrm.testcase.LoginPageTestScript1" name="LoginTestScript" time="5.821"/>
  <testcase classname="hrm.testcase.HomePageTestScript5" name="Pim" time="9.556"/>
  <testcase classname="hrm.testcase.HomePageTestScript5" name="Leave" time="6.916"/>
  <testcase classname="hrm.testcase.HomePageTestScript5" name="Time" time="7.274"/>
  <testcase classname="hrm.testcase.HomePageTestScript5" name="Recruitment" time="7.784"/>
  <testcase classname="hrm.testcase.HomePageTestScript5" name="Myinfo" time="7.99"/>
  <testcase classname="hrm.testcase.HomePageTestScript5" name="Performance" time="5.651"/>
  <testcase classname="hrm.testcase.HomePageTestScript5" name="Directory" time="15.232"/>
  <testcase classname="hrm.testcase.HomePageTestScript5" name="Maintenance" time="7.601"/>
  <testcase classname="hrm.testcase.HomePageTestScript5" name="Buzz" time="9.59"/>
  <testcase classname="hrm.testcase.HomePageTestScript5" name="Marketplace" time="8.535"/>
  <testcase classname="hrm.testcase.HomePageTestScript5" name="Notification" time="8.148"/>
  <testcase classname="hrm.testcase.HomePageTestScript5" name="Questionmarklink" time="5.307"/>
  <testcase classname="hrm.testcase.HomePageTestScript5" name="WelcomeMenuTologout" time="7.171"/>
  <testcase classname="hrm.testcase.QuickLuchTestScript2" name="Assignleave" time="6.087"/>
  <testcase classname="hrm.testcase.QuickLuchTestScript2" name="Leavelist" time="7.134"/>
  <testcase classname="hrm.testcase.QuickLuchTestScript2" name="Timesheet" time="6.307"/>
  <testcase classname="hrm.testcase.QuickLuchTestScript2" name="Applyleave" time="7.431"/>
  <testcase classname="hrm.testcase.QuickLuchTestScript2" name="Myleave" time="7.539"/>
  <testcase classname="hrm.testcase.QuickLuchTestScript2" name="Mytimesheet" time="6.401"/>
  <testcase classname="hrm.testcase.AdminTestScript3" name="Adimtouser" time="10.746"/>
  <testcase classname="hrm.testcase.AdminTestScript3" name="User_System" time="15.125"/>
  <testcase classname="hrm.testcase.AdminTestScript3" name="CheckBox" time="11.515"/>
  <testcase classname="hrm.testcase.BuzzTestScript4" name="Buzz" time="9.729"/>
  <testcase classname="hrm.testcase.BuzzTestScript4" name="Buzz1" time="15.707"/>
  <testcase classname="hrm.testcase.BuzzTestScript4" name="Buzz2" time="11.153"/>
  <testcase classname="hrm.testcase.PayGradeTestScript7" name="HomePagetoPayGrade" time="14.419"/>
  <testcase classname="hrm.testcase.JobTileTestScript6" name="AdimtouserToJobTile" time="14.93"/>
  <testcase classname="hrm.testcase.LeaveListTestScript8" name="Leavelist" time="17.31"/>
</testsuite> <!-- Test -->
